<?xml version="1.0" encoding="UTF-8"?>
<testng-results skipped="0" failed="1" ignored="0" total="1" passed="0">
  <reporter-output>
  </reporter-output>
  <suite name="Default suite" duration-ms="29035" started-at="2020-05-04T20:55:02Z" finished-at="2020-05-04T20:55:31Z">
    <groups>
    </groups>
    <test name="Default test" duration-ms="29035" started-at="2020-05-04T20:55:02Z" finished-at="2020-05-04T20:55:31Z">
      <class name="com.boutique.Testcases.GetLinkWithResponseTest">
        <test-method status="PASS" signature="setUp()[pri:0, instance:com.boutique.Testcases.GetLinkWithResponseTest@2898ac89]" name="setUp" is-config="true" duration-ms="5620" started-at="2020-05-04T20:55:02Z" finished-at="2020-05-04T20:55:08Z">
          <reporter-output>
          </reporter-output>
        </test-method> <!-- setUp -->
        <test-method status="FAIL" signature="loginTest()[pri:1, instance:com.boutique.Testcases.GetLinkWithResponseTest@2898ac89]" name="loginTest" duration-ms="23272" started-at="2020-05-04T20:55:08Z" description="To Verify to get all links &amp; response code" finished-at="2020-05-04T20:55:31Z">
          <exception class="java.io.FileNotFoundException">
            <message>
              <![CDATA[C:\Users\atill\.eclipse\javatutorial\Boutique-Automation (Access is denied)]]>
            </message>
            <full-stacktrace>
              <![CDATA[java.io.FileNotFoundException: C:\Users\atill\.eclipse\javatutorial\Boutique-Automation (Access is denied)
at java.io.FileInputStream.open0(Native Method)
at java.io.FileInputStream.open(Unknown Source)
at java.io.FileInputStream.<init>(Unknown Source)
at com.boutique.qa.pages.GetLinksWithResponse.getLinksWithResponse(GetLinksWithResponse.java:127)
at com.boutique.Testcases.GetLinkWithResponseTest.loginTest(GetLinkWithResponseTest.java:37)
at sun.reflect.NativeMethodAccessorImpl.invoke0(Native Method)
at sun.reflect.NativeMethodAccessorImpl.invoke(Unknown Source)
at sun.reflect.DelegatingMethodAccessorImpl.invoke(Unknown Source)
at java.lang.reflect.Method.invoke(Unknown Source)
at org.testng.internal.MethodInvocationHelper.invokeMethod(MethodInvocationHelper.java:124)
at org.testng.internal.Invoker.invokeMethod(Invoker.java:583)
at org.testng.internal.Invoker.invokeTestMethod(Invoker.java:719)
at org.testng.internal.Invoker.invokeTestMethods(Invoker.java:989)
at org.testng.internal.TestMethodWorker.invokeTestMethods(TestMethodWorker.java:125)
at org.testng.internal.TestMethodWorker.run(TestMethodWorker.java:109)
at org.testng.TestRunner.privateRun(TestRunner.java:648)
at org.testng.TestRunner.run(TestRunner.java:505)
at org.testng.SuiteRunner.runTest(SuiteRunner.java:455)
at org.testng.SuiteRunner.runSequentially(SuiteRunner.java:450)
at org.testng.SuiteRunner.privateRun(SuiteRunner.java:415)
at org.testng.SuiteRunner.run(SuiteRunner.java:364)
at org.testng.SuiteRunnerWorker.runSuite(SuiteRunnerWorker.java:52)
at org.testng.SuiteRunnerWorker.run(SuiteRunnerWorker.java:84)
at org.testng.TestNG.runSuitesSequentially(TestNG.java:1208)
at org.testng.TestNG.runSuitesLocally(TestNG.java:1137)
at org.testng.TestNG.runSuites(TestNG.java:1049)
at org.testng.TestNG.run(TestNG.java:1017)
at org.testng.remote.AbstractRemoteTestNG.run(AbstractRemoteTestNG.java:115)
at org.testng.remote.RemoteTestNG.initAndRun(RemoteTestNG.java:251)
at org.testng.remote.RemoteTestNG.main(RemoteTestNG.java:77)
]]>
            </full-stacktrace>
          </exception> <!-- java.io.FileNotFoundException -->
          <reporter-output>
          </reporter-output>
        </test-method> <!-- loginTest -->
        <test-method status="PASS" signature="tearDown()[pri:0, instance:com.boutique.Testcases.GetLinkWithResponseTest@2898ac89]" name="tearDown" is-config="true" duration-ms="0" started-at="2020-05-04T20:55:31Z" finished-at="2020-05-04T20:55:31Z">
          <reporter-output>
          </reporter-output>
        </test-method> <!-- tearDown -->
      </class> <!-- com.boutique.Testcases.GetLinkWithResponseTest -->
    </test> <!-- Default test -->
  </suite> <!-- Default suite -->
</testng-results>
